<?xml version="1.0" encoding="UTF-8"?>
<coverage generated="1683766211021" clover="3.2.0">
  <project timestamp="1683766211021" name="All files">
    <metrics statements="68" coveredstatements="64" conditionals="18" coveredconditionals="12" methods="19" coveredmethods="15" elements="105" coveredelements="91" complexity="0" loc="68" ncloc="68" packages="1" files="5" classes="5"/>
    <file name="app.js" path="/Users/stevensmacbookpro/rithm/exercises/express-shopping-list/app.js">
      <metrics statements="14" coveredstatements="13" conditionals="4" coveredconditionals="2" methods="2" coveredmethods="1"/>
      <line num="5" count="1" type="stmt"/>
      <line num="6" count="1" type="stmt"/>
      <line num="7" count="1" type="stmt"/>
      <line num="9" count="1" type="stmt"/>
      <line num="11" count="1" type="stmt"/>
      <line num="13" count="1" type="stmt"/>
      <line num="19" count="1" type="stmt"/>
      <line num="20" count="0" type="stmt"/>
      <line num="24" count="1" type="stmt"/>
      <line num="25" count="4" type="cond" truecount="1" falsecount="1"/>
      <line num="26" count="4" type="stmt"/>
      <line num="27" count="4" type="cond" truecount="1" falsecount="1"/>
      <line num="28" count="4" type="stmt"/>
      <line num="31" count="1" type="stmt"/>
    </file>
    <file name="expressError.js" path="/Users/stevensmacbookpro/rithm/exercises/express-shopping-list/expressError.js">
      <metrics statements="8" coveredstatements="6" conditionals="4" coveredconditionals="0" methods="5" coveredmethods="3"/>
      <line num="11" count="4" type="stmt"/>
      <line num="12" count="4" type="stmt"/>
      <line num="13" count="4" type="stmt"/>
      <line num="21" count="2" type="stmt"/>
      <line num="29" count="0" type="stmt"/>
      <line num="37" count="2" type="stmt"/>
      <line num="45" count="0" type="stmt"/>
      <line num="49" count="1" type="stmt"/>
    </file>
    <file name="fakeDb.js" path="/Users/stevensmacbookpro/rithm/exercises/express-shopping-list/fakeDb.js">
      <metrics statements="15" coveredstatements="14" conditionals="4" coveredconditionals="4" methods="5" coveredmethods="4"/>
      <line num="1" count="1" type="stmt"/>
      <line num="6" count="2" type="stmt"/>
      <line num="7" count="2" type="stmt"/>
      <line num="9" count="2" type="stmt"/>
      <line num="14" count="10" type="stmt"/>
      <line num="19" count="0" type="stmt"/>
      <line num="25" count="8" type="stmt"/>
      <line num="27" count="12" type="cond" truecount="2" falsecount="0"/>
      <line num="28" count="6" type="stmt"/>
      <line num="31" count="2" type="stmt"/>
      <line num="38" count="10" type="stmt"/>
      <line num="39" count="18" type="cond" truecount="2" falsecount="0"/>
      <line num="40" count="7" type="stmt"/>
      <line num="43" count="10" type="stmt"/>
      <line num="47" count="1" type="stmt"/>
    </file>
    <file name="itemsRoutes.js" path="/Users/stevensmacbookpro/rithm/exercises/express-shopping-list/itemsRoutes.js">
      <metrics statements="22" coveredstatements="22" conditionals="0" coveredconditionals="0" methods="5" coveredmethods="5"/>
      <line num="5" count="1" type="stmt"/>
      <line num="6" count="1" type="stmt"/>
      <line num="7" count="1" type="stmt"/>
      <line num="8" count="1" type="stmt"/>
      <line num="12" count="1" type="stmt"/>
      <line num="13" count="1" type="stmt"/>
      <line num="17" count="1" type="stmt"/>
      <line num="18" count="1" type="stmt"/>
      <line num="19" count="1" type="stmt"/>
      <line num="21" count="1" type="stmt"/>
      <line num="25" count="1" type="stmt"/>
      <line num="26" count="1" type="stmt"/>
      <line num="28" count="1" type="stmt"/>
      <line num="32" count="1" type="stmt"/>
      <line num="33" count="1" type="stmt"/>
      <line num="34" count="1" type="stmt"/>
      <line num="35" count="1" type="stmt"/>
      <line num="37" count="1" type="stmt"/>
      <line num="41" count="1" type="stmt"/>
      <line num="42" count="1" type="stmt"/>
      <line num="44" count="1" type="stmt"/>
      <line num="48" count="1" type="stmt"/>
    </file>
    <file name="middleware.js" path="/Users/stevensmacbookpro/rithm/exercises/express-shopping-list/middleware.js">
      <metrics statements="9" coveredstatements="9" conditionals="6" coveredconditionals="6" methods="2" coveredmethods="2"/>
      <line num="3" count="1" type="stmt"/>
      <line num="4" count="1" type="stmt"/>
      <line num="9" count="6" type="cond" truecount="2" falsecount="0"/>
      <line num="10" count="4" type="stmt"/>
      <line num="12" count="2" type="stmt"/>
      <line num="17" count="4" type="cond" truecount="4" falsecount="0"/>
      <line num="18" count="2" type="stmt"/>
      <line num="20" count="2" type="stmt"/>
      <line num="25" count="1" type="stmt"/>
    </file>
  </project>
</coverage>
