{"/Users/johnchong/rithm/GRIND/exercises/express-shopping-list/app.js": {"path":"/Users/johnchong/rithm/GRIND/exercises/express-shopping-list/app.js","statementMap":{"0":{"start":{"line":5,"column":16},"end":{"line":5,"column":34}},"1":{"start":{"line":6,"column":26},"end":{"line":6,"column":51}},"2":{"start":{"line":7,"column":12},"end":{"line":7,"column":21}},"3":{"start":{"line":9,"column":20},"end":{"line":9,"column":44}},"4":{"start":{"line":11,"column":0},"end":{"line":11,"column":24}},"5":{"start":{"line":13,"column":0},"end":{"line":13,"column":31}},"6":{"start":{"line":19,"column":0},"end":{"line":21,"column":3}},"7":{"start":{"line":20,"column":2},"end":{"line":20,"column":28}},"8":{"start":{"line":24,"column":0},"end":{"line":29,"column":3}},"9":{"start":{"line":25,"column":17},"end":{"line":25,"column":34}},"10":{"start":{"line":26,"column":18},"end":{"line":26,"column":29}},"11":{"start":{"line":27,"column":2},"end":{"line":27,"column":72}},"12":{"start":{"line":27,"column":39},"end":{"line":27,"column":72}},"13":{"start":{"line":28,"column":2},"end":{"line":28,"column":65}},"14":{"start":{"line":31,"column":0},"end":{"line":31,"column":21}}},"fnMap":{"0":{"name":"(anonymous_0)","decl":{"start":{"line":19,"column":8},"end":{"line":19,"column":9}},"loc":{"start":{"line":19,"column":28},"end":{"line":21,"column":1}},"line":19},"1":{"name":"(anonymous_1)","decl":{"start":{"line":24,"column":8},"end":{"line":24,"column":9}},"loc":{"start":{"line":24,"column":39},"end":{"line":29,"column":1}},"line":24}},"branchMap":{"0":{"loc":{"start":{"line":25,"column":17},"end":{"line":25,"column":34}},"type":"binary-expr","locations":[{"start":{"line":25,"column":17},"end":{"line":25,"column":27}},{"start":{"line":25,"column":31},"end":{"line":25,"column":34}}],"line":25},"1":{"loc":{"start":{"line":27,"column":2},"end":{"line":27,"column":72}},"type":"if","locations":[{"start":{"line":27,"column":2},"end":{"line":27,"column":72}},{"start":{},"end":{}}],"line":27}},"s":{"0":1,"1":1,"2":1,"3":1,"4":1,"5":1,"6":1,"7":0,"8":1,"9":2,"10":2,"11":2,"12":0,"13":2,"14":1},"f":{"0":0,"1":2},"b":{"0":[2,0],"1":[0,2]},"_coverageSchema":"1a1c01bbd47fc00a2c39e90264f33305004495a9","hash":"b9dc2053d331dbfe640754f74bdba61fba8c0a75"}
,"/Users/johnchong/rithm/GRIND/exercises/express-shopping-list/expressError.js": {"path":"/Users/johnchong/rithm/GRIND/exercises/express-shopping-list/expressError.js","statementMap":{"0":{"start":{"line":11,"column":4},"end":{"line":11,"column":12}},"1":{"start":{"line":12,"column":4},"end":{"line":12,"column":27}},"2":{"start":{"line":13,"column":4},"end":{"line":13,"column":25}},"3":{"start":{"line":21,"column":4},"end":{"line":21,"column":24}},"4":{"start":{"line":29,"column":4},"end":{"line":29,"column":24}},"5":{"start":{"line":37,"column":4},"end":{"line":37,"column":24}},"6":{"start":{"line":45,"column":4},"end":{"line":45,"column":24}},"7":{"start":{"line":49,"column":0},"end":{"line":55,"column":2}}},"fnMap":{"0":{"name":"(anonymous_0)","decl":{"start":{"line":10,"column":2},"end":{"line":10,"column":3}},"loc":{"start":{"line":10,"column":31},"end":{"line":14,"column":3}},"line":10},"1":{"name":"(anonymous_1)","decl":{"start":{"line":20,"column":2},"end":{"line":20,"column":3}},"loc":{"start":{"line":20,"column":37},"end":{"line":22,"column":3}},"line":20},"2":{"name":"(anonymous_2)","decl":{"start":{"line":28,"column":2},"end":{"line":28,"column":3}},"loc":{"start":{"line":28,"column":40},"end":{"line":30,"column":3}},"line":28},"3":{"name":"(anonymous_3)","decl":{"start":{"line":36,"column":2},"end":{"line":36,"column":3}},"loc":{"start":{"line":36,"column":39},"end":{"line":38,"column":3}},"line":36},"4":{"name":"(anonymous_4)","decl":{"start":{"line":44,"column":2},"end":{"line":44,"column":3}},"loc":{"start":{"line":44,"column":39},"end":{"line":46,"column":3}},"line":44}},"branchMap":{"0":{"loc":{"start":{"line":20,"column":14},"end":{"line":20,"column":35}},"type":"default-arg","locations":[{"start":{"line":20,"column":24},"end":{"line":20,"column":35}}],"line":20},"1":{"loc":{"start":{"line":28,"column":14},"end":{"line":28,"column":38}},"type":"default-arg","locations":[{"start":{"line":28,"column":24},"end":{"line":28,"column":38}}],"line":28},"2":{"loc":{"start":{"line":36,"column":14},"end":{"line":36,"column":37}},"type":"default-arg","locations":[{"start":{"line":36,"column":24},"end":{"line":36,"column":37}}],"line":36},"3":{"loc":{"start":{"line":44,"column":14},"end":{"line":44,"column":37}},"type":"default-arg","locations":[{"start":{"line":44,"column":24},"end":{"line":44,"column":37}}],"line":44}},"s":{"0":2,"1":2,"2":2,"3":1,"4":0,"5":1,"6":0,"7":1},"f":{"0":2,"1":1,"2":0,"3":1,"4":0},"b":{"0":[0],"1":[0],"2":[0],"3":[0]},"_coverageSchema":"1a1c01bbd47fc00a2c39e90264f33305004495a9","hash":"1533eeb00bb723d53ba824f9b1b33928b3dfa6f4"}
,"/Users/johnchong/rithm/GRIND/exercises/express-shopping-list/fakeDb.js": {"path":"/Users/johnchong/rithm/GRIND/exercises/express-shopping-list/fakeDb.js","statementMap":{"0":{"start":{"line":1,"column":14},"end":{"line":1,"column":16}},"1":{"start":{"line":6,"column":4},"end":{"line":6,"column":21}},"2":{"start":{"line":7,"column":4},"end":{"line":7,"column":23}},"3":{"start":{"line":8,"column":4},"end":{"line":8,"column":43}},"4":{"start":{"line":13,"column":4},"end":{"line":13,"column":26}},"5":{"start":{"line":18,"column":4},"end":{"line":18,"column":21}},"6":{"start":{"line":24,"column":4},"end":{"line":28,"column":5}},"7":{"start":{"line":25,"column":6},"end":{"line":27,"column":7}},"8":{"start":{"line":26,"column":8},"end":{"line":26,"column":20}},"9":{"start":{"line":29,"column":4},"end":{"line":29,"column":17}},"10":{"start":{"line":36,"column":4},"end":{"line":40,"column":5}},"11":{"start":{"line":36,"column":18},"end":{"line":36,"column":19}},"12":{"start":{"line":37,"column":6},"end":{"line":39,"column":7}},"13":{"start":{"line":38,"column":8},"end":{"line":38,"column":30}},"14":{"start":{"line":41,"column":4},"end":{"line":41,"column":17}},"15":{"start":{"line":45,"column":0},"end":{"line":45,"column":33}}},"fnMap":{"0":{"name":"(anonymous_0)","decl":{"start":{"line":5,"column":2},"end":{"line":5,"column":3}},"loc":{"start":{"line":5,"column":27},"end":{"line":9,"column":3}},"line":5},"1":{"name":"(anonymous_1)","decl":{"start":{"line":12,"column":2},"end":{"line":12,"column":3}},"loc":{"start":{"line":12,"column":19},"end":{"line":14,"column":3}},"line":12},"2":{"name":"(anonymous_2)","decl":{"start":{"line":17,"column":2},"end":{"line":17,"column":3}},"loc":{"start":{"line":17,"column":19},"end":{"line":19,"column":3}},"line":17},"3":{"name":"(anonymous_3)","decl":{"start":{"line":23,"column":2},"end":{"line":23,"column":3}},"loc":{"start":{"line":23,"column":26},"end":{"line":30,"column":3}},"line":23},"4":{"name":"(anonymous_4)","decl":{"start":{"line":35,"column":2},"end":{"line":35,"column":3}},"loc":{"start":{"line":35,"column":32},"end":{"line":42,"column":3}},"line":35}},"branchMap":{"0":{"loc":{"start":{"line":25,"column":6},"end":{"line":27,"column":7}},"type":"if","locations":[{"start":{"line":25,"column":6},"end":{"line":27,"column":7}},{"start":{},"end":{}}],"line":25},"1":{"loc":{"start":{"line":37,"column":6},"end":{"line":39,"column":7}},"type":"if","locations":[{"start":{"line":37,"column":6},"end":{"line":39,"column":7}},{"start":{},"end":{}}],"line":37}},"s":{"0":1,"1":2,"2":2,"3":2,"4":6,"5":0,"6":3,"7":3,"8":2,"9":1,"10":5,"11":5,"12":6,"13":5,"14":5,"15":1},"f":{"0":2,"1":6,"2":0,"3":3,"4":5},"b":{"0":[2,1],"1":[5,1]},"_coverageSchema":"1a1c01bbd47fc00a2c39e90264f33305004495a9","hash":"25a652326a7bff5b06693eca4a1c4b76123d4f8d"}
,"/Users/johnchong/rithm/GRIND/exercises/express-shopping-list/itemsRoutes.js": {"path":"/Users/johnchong/rithm/GRIND/exercises/express-shopping-list/itemsRoutes.js","statementMap":{"0":{"start":{"line":5,"column":16},"end":{"line":5,"column":34}},"1":{"start":{"line":6,"column":39},"end":{"line":6,"column":62}},"2":{"start":{"line":7,"column":22},"end":{"line":7,"column":41}},"3":{"start":{"line":8,"column":15},"end":{"line":8,"column":35}},"4":{"start":{"line":12,"column":0},"end":{"line":14,"column":3}},"5":{"start":{"line":13,"column":2},"end":{"line":13,"column":33}},"6":{"start":{"line":17,"column":0},"end":{"line":22,"column":3}},"7":{"start":{"line":18,"column":18},"end":{"line":18,"column":57}},"8":{"start":{"line":19,"column":2},"end":{"line":19,"column":20}},"9":{"start":{"line":21,"column":2},"end":{"line":21,"column":40}},"10":{"start":{"line":25,"column":0},"end":{"line":29,"column":3}},"11":{"start":{"line":26,"column":15},"end":{"line":26,"column":41}},"12":{"start":{"line":28,"column":2},"end":{"line":28,"column":23}},"13":{"start":{"line":32,"column":0},"end":{"line":39,"column":3}},"14":{"start":{"line":33,"column":15},"end":{"line":33,"column":41}},"15":{"start":{"line":34,"column":2},"end":{"line":34,"column":28}},"16":{"start":{"line":35,"column":2},"end":{"line":35,"column":30}},"17":{"start":{"line":36,"column":2},"end":{"line":36,"column":24}},"18":{"start":{"line":38,"column":2},"end":{"line":38,"column":34}},"19":{"start":{"line":42,"column":0},"end":{"line":46,"column":2}},"20":{"start":{"line":43,"column":2},"end":{"line":43,"column":31}},"21":{"start":{"line":45,"column":2},"end":{"line":45,"column":39}},"22":{"start":{"line":49,"column":0},"end":{"line":49,"column":24}}},"fnMap":{"0":{"name":"(anonymous_0)","decl":{"start":{"line":12,"column":16},"end":{"line":12,"column":17}},"loc":{"start":{"line":12,"column":35},"end":{"line":14,"column":1}},"line":12},"1":{"name":"(anonymous_1)","decl":{"start":{"line":17,"column":31},"end":{"line":17,"column":32}},"loc":{"start":{"line":17,"column":50},"end":{"line":22,"column":1}},"line":17},"2":{"name":"(anonymous_2)","decl":{"start":{"line":25,"column":35},"end":{"line":25,"column":36}},"loc":{"start":{"line":25,"column":54},"end":{"line":29,"column":1}},"line":25},"3":{"name":"(anonymous_3)","decl":{"start":{"line":32,"column":37},"end":{"line":32,"column":38}},"loc":{"start":{"line":32,"column":56},"end":{"line":39,"column":1}},"line":32},"4":{"name":"(anonymous_4)","decl":{"start":{"line":42,"column":38},"end":{"line":42,"column":39}},"loc":{"start":{"line":42,"column":56},"end":{"line":46,"column":1}},"line":42}},"branchMap":{},"s":{"0":1,"1":1,"2":1,"3":1,"4":1,"5":1,"6":1,"7":1,"8":1,"9":1,"10":1,"11":1,"12":1,"13":1,"14":0,"15":0,"16":0,"17":0,"18":0,"19":1,"20":0,"21":0,"22":1},"f":{"0":1,"1":1,"2":1,"3":0,"4":0},"b":{},"_coverageSchema":"1a1c01bbd47fc00a2c39e90264f33305004495a9","hash":"409e3e8e97b6bd6fda52985c15bd6d63c9a22ca3"}
,"/Users/johnchong/rithm/GRIND/exercises/express-shopping-list/middleware.js": {"path":"/Users/johnchong/rithm/GRIND/exercises/express-shopping-list/middleware.js","statementMap":{"0":{"start":{"line":3,"column":33},"end":{"line":3,"column":55}},"1":{"start":{"line":4,"column":43},"end":{"line":4,"column":68}},"2":{"start":{"line":9,"column":4},"end":{"line":13,"column":5}},"3":{"start":{"line":10,"column":6},"end":{"line":10,"column":20}},"4":{"start":{"line":12,"column":6},"end":{"line":12,"column":48}},"5":{"start":{"line":17,"column":2},"end":{"line":21,"column":3}},"6":{"start":{"line":18,"column":4},"end":{"line":18,"column":68}},"7":{"start":{"line":20,"column":4},"end":{"line":20,"column":18}},"8":{"start":{"line":25,"column":0},"end":{"line":25,"column":48}}},"fnMap":{"0":{"name":"isItemInList","decl":{"start":{"line":8,"column":9},"end":{"line":8,"column":21}},"loc":{"start":{"line":8,"column":38},"end":{"line":14,"column":3}},"line":8},"1":{"name":"validNewItem","decl":{"start":{"line":16,"column":9},"end":{"line":16,"column":21}},"loc":{"start":{"line":16,"column":38},"end":{"line":22,"column":1}},"line":16}},"branchMap":{"0":{"loc":{"start":{"line":9,"column":4},"end":{"line":13,"column":5}},"type":"if","locations":[{"start":{"line":9,"column":4},"end":{"line":13,"column":5}},{"start":{"line":11,"column":11},"end":{"line":13,"column":5}}],"line":9},"1":{"loc":{"start":{"line":17,"column":2},"end":{"line":21,"column":3}},"type":"if","locations":[{"start":{"line":17,"column":2},"end":{"line":21,"column":3}},{"start":{"line":19,"column":9},"end":{"line":21,"column":3}}],"line":17},"2":{"loc":{"start":{"line":17,"column":6},"end":{"line":17,"column":65}},"type":"binary-expr","locations":[{"start":{"line":17,"column":6},"end":{"line":17,"column":33}},{"start":{"line":17,"column":37},"end":{"line":17,"column":65}}],"line":17}},"s":{"0":1,"1":1,"2":2,"3":1,"4":1,"5":2,"6":1,"7":1,"8":1},"f":{"0":2,"1":2},"b":{"0":[1,1],"1":[1,1],"2":[2,1]},"_coverageSchema":"1a1c01bbd47fc00a2c39e90264f33305004495a9","hash":"c4784fb65cbde72317ad8373f61aefa9906260d2"}
}
