TN:
SF:app.js
FN:19,(anonymous_0)
FN:24,(anonymous_1)
FNF:2
FNH:1
FNDA:0,(anonymous_0)
FNDA:4,(anonymous_1)
DA:5,1
DA:6,1
DA:7,1
DA:9,1
DA:11,1
DA:13,1
DA:19,1
DA:20,0
DA:24,1
DA:25,4
DA:26,4
DA:27,4
DA:28,4
DA:31,1
LF:14
LH:13
BRDA:25,0,0,4
BRDA:25,0,1,0
BRDA:27,1,0,0
BRDA:27,1,1,4
BRF:4
BRH:2
end_of_record
TN:
SF:expressError.js
FN:10,(anonymous_0)
FN:20,(anonymous_1)
FN:28,(anonymous_2)
FN:36,(anonymous_3)
FN:44,(anonymous_4)
FNF:5
FNH:3
FNDA:4,(anonymous_0)
FNDA:2,(anonymous_1)
FNDA:0,(anonymous_2)
FNDA:2,(anonymous_3)
FNDA:0,(anonymous_4)
DA:11,4
DA:12,4
DA:13,4
DA:21,2
DA:29,0
DA:37,2
DA:45,0
DA:49,1
LF:8
LH:6
BRDA:20,0,0,0
BRDA:28,1,0,0
BRDA:36,2,0,0
BRDA:44,3,0,0
BRF:4
BRH:0
end_of_record
TN:
SF:fakeDb.js
FN:5,(anonymous_0)
FN:13,(anonymous_1)
FN:18,(anonymous_2)
FN:24,(anonymous_3)
FN:37,(anonymous_4)
FNF:5
FNH:4
FNDA:2,(anonymous_0)
FNDA:10,(anonymous_1)
FNDA:0,(anonymous_2)
FNDA:8,(anonymous_3)
FNDA:10,(anonymous_4)
DA:1,1
DA:6,2
DA:7,2
DA:9,2
DA:14,10
DA:19,0
DA:25,8
DA:27,12
DA:28,6
DA:31,2
DA:38,10
DA:39,18
DA:40,7
DA:43,10
DA:47,1
LF:15
LH:14
BRDA:27,0,0,6
BRDA:27,0,1,6
BRDA:39,1,0,7
BRDA:39,1,1,11
BRF:4
BRH:4
end_of_record
TN:
SF:itemsRoutes.js
FN:12,(anonymous_0)
FN:17,(anonymous_1)
FN:25,(anonymous_2)
FN:32,(anonymous_3)
FN:41,(anonymous_4)
FNF:5
FNH:5
FNDA:1,(anonymous_0)
FNDA:1,(anonymous_1)
FNDA:1,(anonymous_2)
FNDA:1,(anonymous_3)
FNDA:1,(anonymous_4)
DA:5,1
DA:6,1
DA:7,1
DA:8,1
DA:12,1
DA:13,1
DA:17,1
DA:18,1
DA:19,1
DA:21,1
DA:25,1
DA:26,1
DA:28,1
DA:32,1
DA:33,1
DA:34,1
DA:35,1
DA:37,1
DA:41,1
DA:42,1
DA:44,1
DA:48,1
LF:22
LH:22
BRF:0
BRH:0
end_of_record
TN:
SF:middleware.js
FN:8,isItemInList
FN:16,validNewItem
FNF:2
FNH:2
FNDA:6,isItemInList
FNDA:4,validNewItem
DA:3,1
DA:4,1
DA:9,6
DA:10,4
DA:12,2
DA:17,4
DA:18,2
DA:20,2
DA:25,1
LF:9
LH:9
BRDA:9,0,0,4
BRDA:9,0,1,2
BRDA:17,1,0,2
BRDA:17,1,1,2
BRDA:17,2,0,4
BRDA:17,2,1,2
BRF:6
BRH:6
end_of_record
